GAMIL2.8_AMIP-sole.time_slice_from_1974.config.20150128-153212.nochecksum.tar
GAMIL2.8_AMIP-sole.time_slice_from_1974.config.20150128-153243.nochecksum.tar
GAMIL2.8_AMIP-sole.time_slice_from_1974.config.20150128-153403.nochecksum.tar
GAMIL2.8_AMIP-sole.time_slice_from_1974.config.20150128-153509.nochecksum.tar
GAMIL2.8_AMIP-sole.time_slice_from_1974.config.20150128-153546.nochecksum.tar
GAMIL2.8_AMIP-sole.time_slice_from_1974.config.20150128-153604.nochecksum.tar
GAMIL2.8_AMIP-sole.time_slice_from_1974.config.20150128-153653.nochecksum.tar
GAMIL2.8_AMIP-sole.time_slice_from_1974.config.20150128-153921.nochecksum.tar
GAMIL2.8_AMIP-sole.time_slice_from_1974.config.20150128-154214.nochecksum.tar
GAMIL2.8_AMIP-sole.time_slice_from_1974.config.20150128-155011.nochecksum.tar
GAMIL2.8_AMIP-sole.time_slice_from_1974.config.20150128-155942.nochecksum.tar
GAMIL2.8_AMIP-sole.time_slice_from_1974.config.20150128-160121.nochecksum.tar
GAMIL2.8_AMIP-sole.time_slice_from_1974.config.20150128-160131.nochecksum.tar
GAMIL2.8_AMIP-sole.time_slice_from_1974.config.20150128-160155.nochecksum.tar
GAMIL2.8_AMIP-sole.time_slice_from_1974.config.20150128-162656.nochecksum.tar
GAMIL2.8_AMIP-sole.time_slice_from_1974.config.20150128-234942.nochecksum.tar
GAMIL2.8_AMIP-sole.time_slice_from_1974.config.20150129-011050.nochecksum.tar
GAMIL2.8_AMIP-sole.time_slice_from_1974.config.20150129-011726.nochecksum.tar
GAMIL2.8_AMIP-sole.time_slice_from_1974.config.20150129-095855.nochecksum.tar
GAMIL2.8_AMIP-sole.time_slice_from_1974.config.20150129-105326.checksum.tar
GAMIL2.8_AMIP-sole.time_slice_from_1974.config.20150129-140425.nochecksum.tar
GAMIL2.8_AMIP-sole.time_slice_from_1974.config.20150131-162508.nochecksum.tar
GAMIL2.8_AMIP-sole.time_slice_from_1974.config.20150131-162912.nochecksum.tar
GAMIL2.8_AMIP-sole.time_slice_from_1974.config.20150205-001624.nochecksum.tar
GAMIL2.8_AMIP-sole.time_slice_from_1974.config.20150205-003612.nochecksum.tar
GAMIL2.8_AMIP-sole.time_slice_from_1974.config.20150306-171839.nochecksum.tar
GAMIL2.8_AMIP-sole.time_slice_from_1974.config.20150306-173024.nochecksum.tar
GAMIL2.8_AMIP-sole.time_slice_from_1974.config.20150306-222435.nochecksum.tar
GAMIL2.8_AMIP-sole.time_slice_from_1974.config.20150327-215840.nochecksum.tar
GAMIL2.8_AMIP-sole.time_slice_from_1974.config.20150327-220412.nochecksum.tar
GAMIL2.8_AMIP-sole.time_slice_from_1974.config.20150327-221419.nochecksum.tar
GAMIL2.8_AMIP-sole.time_slice_from_1974.config.20150327-222303.nochecksum.tar
GAMIL2.8_AMIP-sole.time_slice_from_1974.config.20150327-231146.nochecksum.tar
GAMIL2.8_AMIP-sole.time_slice_from_1974.config.20150327-231500.nochecksum.tar
GAMIL2.8_AMIP-sole.time_slice_from_1974_spinup.config.20150327-234238.nochecksum.tar
GAMIL2.8_AMIP-sole.time_slice_from_1974_spinup.config.20150328-000629.nochecksum.tar
GAMIL2.8_AMIP-sole.time_slice_from_1974_spinup.config.20150328-000911.nochecksum.tar
GAMIL2.8_AMIP-sole.time_slice_from_1974_spinup.config.20150328-001118.nochecksum.tar
GAMIL2.8_AMIP-sole.time_slice_from_1974_spinup.config.20150328-001820.nochecksum.tar
GAMIL2.8_AMIP-sole.time_slice_from_1974_spinup.config.20150329-180116.nochecksum.tar
GAMIL2.8_AMIP-sole.time_slice_from_1974_spinup.config.20150329-182541.nochecksum.tar
GAMIL2.8_AMIP-sole.time_slice_from_1974_spinup.config.20150329-182647.nochecksum.tar
GAMIL2.8_AMIP-sole.time_slice_from_1974_spinup.config.20150330-000156.checksum.tar
GAMIL2.8_AMIP-sole.config.20170913-153622.nochecksum.tar
GAMIL2.8_AMIP-sole.config.20170913-154221.nochecksum.tar
GAMIL2.8_AMIP-sole.config.20170913-154622.nochecksum.tar
GAMIL2.8_AMIP-sole.config.20170920-093736.nochecksum.tar
GAMIL2.8_AMIP-sole.config.20170920-154752.nochecksum.tar
GAMIL2.8_AMIP-sole.config.20170920-155234.nochecksum.tar
